android/old.gradleBuild/outputs/logs/manifest-merger-debug-report.txt
-- Merging decision tree log ---
manifest
ADDED from tensorflow-for-poets-2\android\AndroidManifest.xml:17:1-76:12
	package
		ADDED from tensorflow-for-poets-2\android\AndroidManifest.xml:18:5-33
	xmlns:android
		ADDED from tensorflow-for-poets-2\android\AndroidManifest.xml:17:11-69
uses-sdk
ADDED from tensorflow-for-poets-2\android\AndroidManifest.xml:20:5-22:41
MERGED from [com.android.support:appcompat-v7:26.0.0-alpha1] AndroidManifest.xml:21:5-23:78
MERGED from [com.android.support:animated-vector-drawable:26.0.0-alpha1] AndroidManifest.xml:20:5-44
MERGED from [com.android.support:support-vector-drawable:26.0.0-alpha1] AndroidManifest.xml:20:5-44
MERGED from [com.android.support.constraint:constraint-layout:1.0.2] AndroidManifest.xml:5:5-7:41
MERGED from [com.google.android.gms:play-services-maps:11.0.1] AndroidManifest.xml:23:5-43
MERGED from [com.google.android.gms:play-services-location:11.0.1] AndroidManifest.xml:3:5-43
MERGED from [com.google.android.gms:play-services-base:11.0.1] AndroidManifest.xml:17:5-43
MERGED from [com.google.android.gms:play-services-tasks:11.0.1] AndroidManifest.xml:3:5-43
MERGED from [com.google.android.gms:play-services-basement:11.0.1] AndroidManifest.xml:17:5-43
MERGED from [com.android.support:support-v4:26.0.0-alpha1] AndroidManifest.xml:21:5-23:54
MERGED from [com.android.support:support-media-compat:26.0.0-alpha1] AndroidManifest.xml:21:5-23:63
MERGED from [com.android.support:support-fragment:26.0.0-alpha1] AndroidManifest.xml:21:5-23:60
MERGED from [com.android.support:support-core-ui:26.0.0-alpha1] AndroidManifest.xml:21:5-23:58
MERGED from [com.android.support:support-core-utils:26.0.0-alpha1] AndroidManifest.xml:21:5-23:61
MERGED from [com.android.support:support-compat:26.0.0-alpha1] AndroidManifest.xml:21:5-23:58
	tools:overrideLibrary
		ADDED from [com.android.support:appcompat-v7:26.0.0-alpha1] AndroidManifest.xml:23:9-75
	android:targetSdkVersion
		ADDED from tensorflow-for-poets-2\android\AndroidManifest.xml:22:9-38
	android:minSdkVersion
		ADDED from tensorflow-for-poets-2\android\AndroidManifest.xml:21:9-35
uses-permission#android.permission.CAMERA
ADDED from tensorflow-for-poets-2\android\AndroidManifest.xml:24:5-65
	android:name
		ADDED from tensorflow-for-poets-2\android\AndroidManifest.xml:24:22-62
uses-feature#android.hardware.camera
ADDED from tensorflow-for-poets-2\android\AndroidManifest.xml:26:5-60
	android:name
		ADDED from tensorflow-for-poets-2\android\AndroidManifest.xml:26:19-57
uses-feature#android.hardware.camera.autofocus
ADDED from tensorflow-for-poets-2\android\AndroidManifest.xml:27:5-70
	android:name
		ADDED from tensorflow-for-poets-2\android\AndroidManifest.xml:27:19-67
uses-permission#android.permission.WRITE_EXTERNAL_STORAGE
ADDED from tensorflow-for-poets-2\android\AndroidManifest.xml:29:5-81
	android:name
		ADDED from tensorflow-for-poets-2\android\AndroidManifest.xml:29:22-78
uses-permission#android.permission.READ_PHONE_STATE
ADDED from tensorflow-for-poets-2\android\AndroidManifest.xml:30:5-75
	android:name
		ADDED from tensorflow-for-poets-2\android\AndroidManifest.xml:30:22-72
uses-permission#android.permission.READ_EXTERNAL_STORAGE
ADDED from tensorflow-for-poets-2\android\AndroidManifest.xml:31:5-80
	android:name
		ADDED from tensorflow-for-poets-2\android\AndroidManifest.xml:31:22-77
uses-permission#android.permission.ACCESS_FINE_LOCATION
ADDED from tensorflow-for-poets-2\android\AndroidManifest.xml:32:5-79
	android:name
		ADDED from tensorflow-for-poets-2\android\AndroidManifest.xml:32:22-76
uses-permission#android.permission.ACCESS_COARSE_LOCATION
ADDED from tensorflow-for-poets-2\android\AndroidManifest.xml:33:5-81
	android:name
		ADDED from tensorflow-for-poets-2\android\AndroidManifest.xml:33:22-78
application
ADDED from tensorflow-for-poets-2\android\AndroidManifest.xml:35:5-74:19
MERGED from [org.tensorflow:tensorflow-android:1.2.0-preview] AndroidManifest.xml:5:5-6:19
MERGED from [com.android.support:appcompat-v7:26.0.0-alpha1] AndroidManifest.xml:29:5-20
MERGED from [com.android.support:animated-vector-drawable:26.0.0-alpha1] AndroidManifest.xml:26:5-20
MERGED from [com.android.support:support-vector-drawable:26.0.0-alpha1] AndroidManifest.xml:26:5-20
MERGED from [com.android.support.constraint:constraint-layout:1.0.2] AndroidManifest.xml:9:5-20
MERGED from [com.google.android.gms:play-services-maps:11.0.1] AndroidManifest.xml:24:5-19
MERGED from [com.google.android.gms:play-services-location:11.0.1] AndroidManifest.xml:4:5-19
MERGED from [com.google.android.gms:play-services-base:11.0.1] AndroidManifest.xml:18:5-20:19
MERGED from [com.google.android.gms:play-services-tasks:11.0.1] AndroidManifest.xml:4:5-19
MERGED from [com.google.android.gms:play-services-basement:11.0.1] AndroidManifest.xml:19:5-21:19
MERGED from [com.android.support:support-v4:26.0.0-alpha1] AndroidManifest.xml:29:5-20
MERGED from [com.android.support:support-media-compat:26.0.0-alpha1] AndroidManifest.xml:29:5-20
MERGED from [com.android.support:support-fragment:26.0.0-alpha1] AndroidManifest.xml:29:5-20
MERGED from [com.android.support:support-core-ui:26.0.0-alpha1] AndroidManifest.xml:29:5-20
MERGED from [com.android.support:support-core-utils:26.0.0-alpha1] AndroidManifest.xml:29:5-20
MERGED from [com.android.support:support-compat:26.0.0-alpha1] AndroidManifest.xml:29:5-20
	android:label
		ADDED from tensorflow-for-poets-2\android\AndroidManifest.xml:39:9-41
	android:debuggable
		ADDED from tensorflow-for-poets-2\android\AndroidManifest.xml:37:9-34
	android:allowBackup
		ADDED from tensorflow-for-poets-2\android\AndroidManifest.xml:36:9-35
	android:icon
		ADDED from tensorflow-for-poets-2\android\AndroidManifest.xml:38:9-38
	android:theme
		ADDED from tensorflow-for-poets-2\android\AndroidManifest.xml:40:9-65
activity#org.tensorflow.verdi.ClassifierActivity
ADDED from tensorflow-for-poets-2\android\AndroidManifest.xml:41:9-50:20
	android:screenOrientation
		ADDED from tensorflow-for-poets-2\android\AndroidManifest.xml:44:13-49
	android:label
		ADDED from tensorflow-for-poets-2\android\AndroidManifest.xml:43:13-65
	android:name
		ADDED from tensorflow-for-poets-2\android\AndroidManifest.xml:42:13-67
intent-filter#android.intent.action.MAIN+android.intent.category.LAUNCHER
ADDED from tensorflow-for-poets-2\android\AndroidManifest.xml:45:13-49:29
action#android.intent.action.MAIN
ADDED from tensorflow-for-poets-2\android\AndroidManifest.xml:46:17-69
	android:name
		ADDED from tensorflow-for-poets-2\android\AndroidManifest.xml:46:25-66
category#android.intent.category.LAUNCHER
ADDED from tensorflow-for-poets-2\android\AndroidManifest.xml:48:17-77
	android:name
		ADDED from tensorflow-for-poets-2\android\AndroidManifest.xml:48:27-74
activity#org.tensorflow.verdi.CollectionActivity
ADDED from tensorflow-for-poets-2\android\AndroidManifest.xml:51:9-76
	android:name
		ADDED from tensorflow-for-poets-2\android\AndroidManifest.xml:51:19-73
meta-data#com.google.android.geo.API_KEY
ADDED from tensorflow-for-poets-2\android\AndroidManifest.xml:61:9-63:55
	android:value
		ADDED from tensorflow-for-poets-2\android\AndroidManifest.xml:63:13-52
	android:name
		ADDED from tensorflow-for-poets-2\android\AndroidManifest.xml:62:13-58
meta-data#com.google.android.gms.version
ADDED from tensorflow-for-poets-2\android\AndroidManifest.xml:64:9-66:69
MERGED from [com.google.android.gms:play-services-basement:11.0.1] AndroidManifest.xml:20:9-121
	android:value
		ADDED from tensorflow-for-poets-2\android\AndroidManifest.xml:66:13-66
	android:name
		ADDED from tensorflow-for-poets-2\android\AndroidManifest.xml:65:13-58
activity#com.izawaryu.verdi.MapsActivity
ADDED from tensorflow-for-poets-2\android\AndroidManifest.xml:68:9-70:59
	android:label
		ADDED from tensorflow-for-poets-2\android\AndroidManifest.xml:70:13-56
	android:name
		ADDED from tensorflow-for-poets-2\android\AndroidManifest.xml:69:13-40
activity#org.tensorflow.verdi.MapsActivity
ADDED from tensorflow-for-poets-2\android\AndroidManifest.xml:71:9-73:68
	android:label
		ADDED from tensorflow-for-poets-2\android\AndroidManifest.xml:73:13-56
	android:name
		ADDED from tensorflow-for-poets-2\android\AndroidManifest.xml:72:13-61
meta-data#android.support.VERSION
ADDED from [com.android.support:appcompat-v7:26.0.0-alpha1] AndroidManifest.xml:25:5-27:41
MERGED from [com.android.support:animated-vector-drawable:26.0.0-alpha1] AndroidManifest.xml:22:5-24:41
MERGED from [com.android.support:support-vector-drawable:26.0.0-alpha1] AndroidManifest.xml:22:5-24:41
MERGED from [com.android.support:support-v4:26.0.0-alpha1] AndroidManifest.xml:25:5-27:41
MERGED from [com.android.support:support-media-compat:26.0.0-alpha1] AndroidManifest.xml:25:5-27:41
MERGED from [com.android.support:support-fragment:26.0.0-alpha1] AndroidManifest.xml:25:5-27:41
MERGED from [com.android.support:support-core-ui:26.0.0-alpha1] AndroidManifest.xml:25:5-27:41
MERGED from [com.android.support:support-core-utils:26.0.0-alpha1] AndroidManifest.xml:25:5-27:41
MERGED from [com.android.support:support-compat:26.0.0-alpha1] AndroidManifest.xml:25:5-27:41
	android:value
		ADDED from [com.android.support:appcompat-v7:26.0.0-alpha1] AndroidManifest.xml:27:9-38
	android:name
		ADDED from [com.android.support:appcompat-v7:26.0.0-alpha1] AndroidManifest.xml:26:9-47
uses-permission#android.permission.ACCESS_NETWORK_STATE
ADDED from [com.google.android.gms:play-services-maps:11.0.1] AndroidManifest.xml:19:5-78
	android:name
		ADDED from [com.google.android.gms:play-services-maps:11.0.1] AndroidManifest.xml:19:22-76
uses-permission#android.permission.INTERNET
ADDED from [com.google.android.gms:play-services-maps:11.0.1] AndroidManifest.xml:20:5-66
	android:name
		ADDED from [com.google.android.gms:play-services-maps:11.0.1] AndroidManifest.xml:20:22-64
uses-feature#0x00020000
ADDED from [com.google.android.gms:play-services-maps:11.0.1] AndroidManifest.xml:21:5-77
	android:glEsVersion
		ADDED from [com.google.android.gms:play-services-maps:11.0.1] AndroidManifest.xml:21:19-51
	android:required
		ADDED from [com.google.android.gms:play-services-maps:11.0.1] AndroidManifest.xml:21:52-75
activity#com.google.android.gms.common.api.GoogleApiActivity
ADDED from [com.google.android.gms:play-services-base:11.0.1] AndroidManifest.xml:19:9-172
	android:exported
		ADDED from [com.google.android.gms:play-services-base:11.0.1] AndroidManifest.xml:19:146-170
	android:theme
		ADDED from [com.google.android.gms:play-services-base:11.0.1] AndroidManifest.xml:19:86-145
	android:name
		ADDED from [com.google.android.gms:play-services-base:11.0.1] AndroidManifest.xml:19:19-85